{"uuid":"395da20e-32c4-4354-ba1a-fd412540a807","historyId":"208eb12d4d2d1636b45f88620f927cc5","fullName":"Create Patient with Post: Check if user able to create a Patient with valid endpoint and request body (non existing values)","labels":[{"name":"tag","value":"CreateAssignment"},{"name":"host","value":"MacBook-Pro.attlocal.net"},{"name":"thread","value":"61223@MacBook-Pro.attlocal.net.main(1)"},{"name":"feature","value":"Create Patient with Post"},{"name":"story","value":"Check if user able to create a Patient with valid endpoint and request body (non existing values)"},{"name":"suite","value":"Create Patient with Post"},{"name":"testClass","value":"Check if user able to create a Patient with valid endpoint and request body (non existing values)"},{"name":"framework","value":"cucumber4jvm"},{"name":"language","value":"java"},{"name":"gherkin_uri","value":"file:///Users/Roops/eclipse-workspace/Team1_APINinjas_Dietician/DieticianAPI_RestAssured/src/test/resources/Feature/Post.feature"},{"name":"package","value":"src.test.resources.Feature.Post_feature.Create Patient with Post"}],"links":[],"name":"Check if user able to create a Patient with valid endpoint and request body (non existing values)","status":"broken","statusDetails":{"known":false,"muted":false,"flaky":false,"message":"Step [User is the registered Dietician with the valid {string} and {string}] is defined with 3 parameters at 'api.stepdefinition.UserDieticianSteps.user_is_the_registered_dietician_with_the_valid_and(java.lang.String,java.lang.String,io.cucumber.datatable.DataTable)'.\nHowever, the gherkin step has 2 arguments:\n * \"<password>\"\n * \"<UserLoginEmail>\"\nStep text: User is the registered Dietician with the valid \"<password>\" and \"<UserLoginEmail>\"","trace":"io.cucumber.core.exception.CucumberException: Step [User is the registered Dietician with the valid {string} and {string}] is defined with 3 parameters at 'api.stepdefinition.UserDieticianSteps.user_is_the_registered_dietician_with_the_valid_and(java.lang.String,java.lang.String,io.cucumber.datatable.DataTable)'.\nHowever, the gherkin step has 2 arguments:\n * \"<password>\"\n * \"<UserLoginEmail>\"\nStep text: User is the registered Dietician with the valid \"<password>\" and \"<UserLoginEmail>\"\n\tat io.cucumber.core.runner.PickleStepDefinitionMatch.arityMismatch(PickleStepDefinitionMatch.java:83)\n\tat io.cucumber.core.runner.PickleStepDefinitionMatch.runStep(PickleStepDefinitionMatch.java:42)\n\tat io.cucumber.core.runner.ExecutionMode$1.execute(ExecutionMode.java:10)\n\tat io.cucumber.core.runner.TestStep.executeStep(TestStep.java:84)\n\tat io.cucumber.core.runner.TestStep.run(TestStep.java:56)\n\tat io.cucumber.core.runner.PickleStepTestStep.run(PickleStepTestStep.java:51)\n\tat io.cucumber.core.runner.TestCase.run(TestCase.java:84)\n\tat io.cucumber.core.runner.Runner.runPickle(Runner.java:75)\n\tat io.cucumber.testng.TestNGCucumberRunner.lambda$runScenario$1(TestNGCucumberRunner.java:132)\n\tat io.cucumber.core.runtime.CucumberExecutionContext.lambda$runTestCase$5(CucumberExecutionContext.java:137)\n\tat io.cucumber.core.runtime.RethrowingThrowableCollector.executeAndThrow(RethrowingThrowableCollector.java:23)\n\tat io.cucumber.core.runtime.CucumberExecutionContext.runTestCase(CucumberExecutionContext.java:137)\n\tat io.cucumber.testng.TestNGCucumberRunner.runScenario(TestNGCucumberRunner.java:129)\n\tat io.cucumber.testng.AbstractTestNGCucumberTests.runScenario(AbstractTestNGCucumberTests.java:35)\n\tat java.base/jdk.internal.reflect.DirectMethodHandleAccessor.invoke(DirectMethodHandleAccessor.java:104)\n\tat java.base/java.lang.reflect.Method.invoke(Method.java:578)\n\tat org.testng.internal.invokers.MethodInvocationHelper.invokeMethod(MethodInvocationHelper.java:139)\n\tat org.testng.internal.invokers.TestInvoker.invokeMethod(TestInvoker.java:664)\n\tat org.testng.internal.invokers.TestInvoker.invokeTestMethod(TestInvoker.java:227)\n\tat org.testng.internal.invokers.MethodRunner.runInSequence(MethodRunner.java:50)\n\tat org.testng.internal.invokers.TestInvoker$MethodInvocationAgent.invoke(TestInvoker.java:957)\n\tat org.testng.internal.invokers.TestInvoker.invokeTestMethods(TestInvoker.java:200)\n\tat org.testng.internal.invokers.TestMethodWorker.invokeTestMethods(TestMethodWorker.java:148)\n\tat org.testng.internal.invokers.TestMethodWorker.run(TestMethodWorker.java:128)\n\tat java.base/java.util.ArrayList.forEach(ArrayList.java:1511)\n\tat org.testng.TestRunner.privateRun(TestRunner.java:848)\n\tat org.testng.TestRunner.run(TestRunner.java:621)\n\tat org.testng.SuiteRunner.runTest(SuiteRunner.java:443)\n\tat org.testng.SuiteRunner.runSequentially(SuiteRunner.java:437)\n\tat org.testng.SuiteRunner.privateRun(SuiteRunner.java:397)\n\tat org.testng.SuiteRunner.run(SuiteRunner.java:336)\n\tat org.testng.SuiteRunnerWorker.runSuite(SuiteRunnerWorker.java:52)\n\tat org.testng.SuiteRunnerWorker.run(SuiteRunnerWorker.java:95)\n\tat org.testng.TestNG.runSuitesSequentially(TestNG.java:1280)\n\tat org.testng.TestNG.runSuitesLocally(TestNG.java:1200)\n\tat org.testng.TestNG.runSuites(TestNG.java:1114)\n\tat org.testng.TestNG.run(TestNG.java:1082)\n\tat org.testng.remote.AbstractRemoteTestNG.run(AbstractRemoteTestNG.java:115)\n\tat org.testng.remote.RemoteTestNG.initAndRun(RemoteTestNG.java:251)\n\tat org.testng.remote.RemoteTestNG.main(RemoteTestNG.java:77)\n"},"stage":"finished","steps":[{"name":"Given  User is the registered Dietician with the valid \"<password>\" and \"<UserLoginEmail>\"","status":"broken","statusDetails":{"known":false,"muted":false,"flaky":false,"message":"Step [User is the registered Dietician with the valid {string} and {string}] is defined with 3 parameters at 'api.stepdefinition.UserDieticianSteps.user_is_the_registered_dietician_with_the_valid_and(java.lang.String,java.lang.String,io.cucumber.datatable.DataTable)'.\nHowever, the gherkin step has 2 arguments:\n * \"<password>\"\n * \"<UserLoginEmail>\"\nStep text: User is the registered Dietician with the valid \"<password>\" and \"<UserLoginEmail>\"","trace":"io.cucumber.core.exception.CucumberException: Step [User is the registered Dietician with the valid {string} and {string}] is defined with 3 parameters at 'api.stepdefinition.UserDieticianSteps.user_is_the_registered_dietician_with_the_valid_and(java.lang.String,java.lang.String,io.cucumber.datatable.DataTable)'.\nHowever, the gherkin step has 2 arguments:\n * \"<password>\"\n * \"<UserLoginEmail>\"\nStep text: User is the registered Dietician with the valid \"<password>\" and \"<UserLoginEmail>\"\n\tat io.cucumber.core.runner.PickleStepDefinitionMatch.arityMismatch(PickleStepDefinitionMatch.java:83)\n\tat io.cucumber.core.runner.PickleStepDefinitionMatch.runStep(PickleStepDefinitionMatch.java:42)\n\tat io.cucumber.core.runner.ExecutionMode$1.execute(ExecutionMode.java:10)\n\tat io.cucumber.core.runner.TestStep.executeStep(TestStep.java:84)\n\tat io.cucumber.core.runner.TestStep.run(TestStep.java:56)\n\tat io.cucumber.core.runner.PickleStepTestStep.run(PickleStepTestStep.java:51)\n\tat io.cucumber.core.runner.TestCase.run(TestCase.java:84)\n\tat io.cucumber.core.runner.Runner.runPickle(Runner.java:75)\n\tat io.cucumber.testng.TestNGCucumberRunner.lambda$runScenario$1(TestNGCucumberRunner.java:132)\n\tat io.cucumber.core.runtime.CucumberExecutionContext.lambda$runTestCase$5(CucumberExecutionContext.java:137)\n\tat io.cucumber.core.runtime.RethrowingThrowableCollector.executeAndThrow(RethrowingThrowableCollector.java:23)\n\tat io.cucumber.core.runtime.CucumberExecutionContext.runTestCase(CucumberExecutionContext.java:137)\n\tat io.cucumber.testng.TestNGCucumberRunner.runScenario(TestNGCucumberRunner.java:129)\n\tat io.cucumber.testng.AbstractTestNGCucumberTests.runScenario(AbstractTestNGCucumberTests.java:35)\n\tat java.base/jdk.internal.reflect.DirectMethodHandleAccessor.invoke(DirectMethodHandleAccessor.java:104)\n\tat java.base/java.lang.reflect.Method.invoke(Method.java:578)\n\tat org.testng.internal.invokers.MethodInvocationHelper.invokeMethod(MethodInvocationHelper.java:139)\n\tat org.testng.internal.invokers.TestInvoker.invokeMethod(TestInvoker.java:664)\n\tat org.testng.internal.invokers.TestInvoker.invokeTestMethod(TestInvoker.java:227)\n\tat org.testng.internal.invokers.MethodRunner.runInSequence(MethodRunner.java:50)\n\tat org.testng.internal.invokers.TestInvoker$MethodInvocationAgent.invoke(TestInvoker.java:957)\n\tat org.testng.internal.invokers.TestInvoker.invokeTestMethods(TestInvoker.java:200)\n\tat org.testng.internal.invokers.TestMethodWorker.invokeTestMethods(TestMethodWorker.java:148)\n\tat org.testng.internal.invokers.TestMethodWorker.run(TestMethodWorker.java:128)\n\tat java.base/java.util.ArrayList.forEach(ArrayList.java:1511)\n\tat org.testng.TestRunner.privateRun(TestRunner.java:848)\n\tat org.testng.TestRunner.run(TestRunner.java:621)\n\tat org.testng.SuiteRunner.runTest(SuiteRunner.java:443)\n\tat org.testng.SuiteRunner.runSequentially(SuiteRunner.java:437)\n\tat org.testng.SuiteRunner.privateRun(SuiteRunner.java:397)\n\tat org.testng.SuiteRunner.run(SuiteRunner.java:336)\n\tat org.testng.SuiteRunnerWorker.runSuite(SuiteRunnerWorker.java:52)\n\tat org.testng.SuiteRunnerWorker.run(SuiteRunnerWorker.java:95)\n\tat org.testng.TestNG.runSuitesSequentially(TestNG.java:1280)\n\tat org.testng.TestNG.runSuitesLocally(TestNG.java:1200)\n\tat org.testng.TestNG.runSuites(TestNG.java:1114)\n\tat org.testng.TestNG.run(TestNG.java:1082)\n\tat org.testng.remote.AbstractRemoteTestNG.run(AbstractRemoteTestNG.java:115)\n\tat org.testng.remote.RemoteTestNG.initAndRun(RemoteTestNG.java:251)\n\tat org.testng.remote.RemoteTestNG.main(RemoteTestNG.java:77)\n"},"stage":"finished","steps":[],"attachments":[],"parameters":[],"start":1700363385928,"stop":1700363385929},{"name":"When  User sends HTTP POST Request for User login with valid endpoint","status":"skipped","statusDetails":{"known":false,"muted":false,"flaky":false},"stage":"finished","steps":[],"attachments":[],"parameters":[],"start":1700363385929,"stop":1700363385930},{"name":"Then  User receives Bearer Token","status":"skipped","statusDetails":{"known":false,"muted":false,"flaky":false},"stage":"finished","steps":[],"attachments":[],"parameters":[],"start":1700363385930,"stop":1700363385930},{"name":"Given  User creates POST Request for the Dietician  API endpoint","status":"skipped","statusDetails":{"known":false,"muted":false,"flaky":false},"stage":"finished","steps":[],"attachments":[],"parameters":[],"start":1700363385931,"stop":1700363385931},{"name":"When  User sends HTTPS Request and  request Body with mandatory fields and morbidity files from \"patient\" with \"Post_Patient_Missing_Email\"","status":"skipped","statusDetails":{"known":false,"muted":false,"flaky":false},"stage":"finished","steps":[],"attachments":[],"parameters":[],"start":1700363385933,"stop":1700363385935},{"name":"Then  User receives response for POST \"patient\" with \"Post_Patient_Missing_Email\"","status":"skipped","statusDetails":{"known":false,"muted":false,"flaky":false},"stage":"finished","steps":[],"attachments":[],"parameters":[],"start":1700363385937,"stop":1700363385937}],"attachments":[],"parameters":[{"name":"sheetName","value":"patient"},{"name":"header","value":"Post_Patient_Missing_Email"}],"start":1700363385926,"stop":1700363385937}